have_library: checking for main() in winmm.lib... -------------------- yes

"cl -nologo -Feconftest -I. -IC:/Ruby/lib/ruby/1.8/i386-mswin32 -I. -IC:/Ruby/lib/ruby/1.8/i386-mswin32  -MD -Zi -O2b2xg- -G6 conftest.c   msvcrt-ruby18-static.lib winmm.lib  oldnames.lib user32.lib advapi32.lib shell32.lib ws2_32.lib   -link    -libpath:"." -libpath:"C:/Ruby/lib" -stack:0x2000000"
cl : Command line warning D9035 : option 'Og-' has been deprecated and will be removed in a future release
cl : Command line warning D9002 : ignoring unknown option '-G6'
conftest.c
checked program was:
/* begin */
1: #define WIN32_LEAN_AND_MEAN
2: #define WIN32
3: #include <winsock2.h>
4: #include <windows.h>
5: 
6: /*top*/
7: int main() { return 0; }
8: int t() { void ((*volatile p)()); p = (void ((*)()))main; return 0; }
/* end */

--------------------

have_header: checking for cstdio... -------------------- yes

"cl -nologo -E -I. -IC:/Ruby/lib/ruby/1.8/i386-mswin32 -I.  -MD -Zi -O2b2xg- -G6  conftest.c -P"
cl : Command line warning D9035 : option 'Og-' has been deprecated and will be removed in a future release
cl : Command line warning D9002 : ignoring unknown option '-G6'
conftest.c
checked program was:
/* begin */
1: #include <cstdio>
/* end */

--------------------

