have_library: checking for FT_Open() in FTD2XX.lib... -------------------- no

"cl -nologo -Feconftest -I. -IC:/Ruby/lib/ruby/1.8/i386-mswin32 -I. -IC:/Ruby/lib/ruby/1.8/i386-mswin32  -MD -Zi -O2b2xg- -G6 conftest.c   msvcrt-ruby18-static.lib FTD2XX.lib  oldnames.lib user32.lib advapi32.lib shell32.lib ws2_32.lib   -link    -libpath:"." -libpath:"C:/Ruby/lib" -stack:0x2000000"
cl : Command line warning D9035 : option 'Og-' has been deprecated and will be removed in a future release
cl : Command line warning D9002 : ignoring unknown option '-G6'
conftest.c
conftest.c(8) : error C2065: 'FT_Open' : undeclared identifier
checked program was:
/* begin */
1: #define WIN32_LEAN_AND_MEAN
2: #define WIN32
3: #include <winsock2.h>
4: #include <windows.h>
5: 
6: /*top*/
7: int main() { return 0; }
8: int t() { void ((*volatile p)()); p = (void ((*)()))FT_Open; return 0; }
/* end */

"cl -nologo -Feconftest -I. -IC:/Ruby/lib/ruby/1.8/i386-mswin32 -I. -IC:/Ruby/lib/ruby/1.8/i386-mswin32  -MD -Zi -O2b2xg- -G6 conftest.c   msvcrt-ruby18-static.lib FTD2XX.lib  oldnames.lib user32.lib advapi32.lib shell32.lib ws2_32.lib   -link    -libpath:"." -libpath:"C:/Ruby/lib" -stack:0x2000000"
cl : Command line warning D9035 : option 'Og-' has been deprecated and will be removed in a future release
cl : Command line warning D9002 : ignoring unknown option '-G6'
conftest.c
conftest.obj : error LNK2019: unresolved external symbol _FT_Open referenced in function _t
conftest.exe : fatal error LNK1120: 1 unresolved externals
checked program was:
/* begin */
1: /*top*/
2: int main() { return 0; }
3: int t() { FT_Open(); return 0; }
/* end */

--------------------

